Arguments: 
  C:\Program Files\nodejs\node.exe C:\Users\thiag\AppData\Roaming\npm\node_modules\yarn\bin\yarn.js init

PATH: 
  C:\Users\thiag\bin;C:\Program Files\Git\mingw64\bin;C:\Program Files\Git\usr\local\bin;C:\Program Files\Git\usr\bin;C:\Program Files\Git\usr\bin;C:\Program Files\Git\mingw64\bin;C:\Program Files\Git\usr\bin;C:\Users\thiag\bin;C:\Python310\Scripts;C:\Python310;C:\WINDOWS\system32;C:\WINDOWS;C:\WINDOWS\System32\Wbem;C:\WINDOWS\System32\WindowsPowerShell\v1.0;C:\WINDOWS\System32\OpenSSH;C:\Program Files\Git\cmd;C:\Program Files\nodejs;C:\ProgramData\chocolatey\bin;C:\Program Files\dotnet;C:\laragon\bin\php\php-8.1.0-Win32-vs16-x64;C:\ProgramData\ComposerSetup\bin;C:\Program Files\Java\zulu17.30.15-ca-jdk17.0.1-win_x64\bin;C:\laragon\bin;C:\laragon\bin\apache\httpd-2.4.47-win64-VS16\bin;C:\laragon\bin\composer;C:\laragon\bin\git\bin;C:\laragon\bin\git\cmd;C:\laragon\bin\git\mingw64\bin;C:\laragon\bin\git\usr\bin;C:\laragon\bin\laragon\utils;C:\laragon\bin\mysql\mysql-5.7.33-winx64\bin;C:\laragon\bin\nginx\nginx-1.19.10;C:\laragon\bin\ngrok;C:\laragon\bin\nodejs\node-v14;C:\laragon\bin\notepad++;C:\laragon\bin\php\php-8.1.0-Win32-vs16-x64;C:\laragon\bin\redis\redis-x64-3.2.100;C:\laragon\bin\telnet;C:\laragon\usr\bin;C:\Users\thiag\AppData\Local\Yarn\config\global\node_modules\.bin;C:\Users\thiag\AppData\Roaming\Composer\vendor\bin;C:\Users\thiag\AppData\Roaming\npm;C:\Users\thiag\AppData\Local\Microsoft\WindowsApps;C:\Users\thiag\AppData\Local\Programs\Microsoft VS Code\bin;C:\Users\thiag\AppData\Local\GitHubDesktop\bin;C:\Users\thiag\.dotnet\tools;C:\Users\thiag\OneDrive\Documentos\flutter\bin;C:\Program Files\heroku\bin;C:\Program Files\Git\usr\bin\vendor_perl;C:\Program Files\Git\usr\bin\core_perl

Yarn version: 
  1.22.17

Node version: 
  16.13.0

Platform: 
  win32 x64

Trace: 
  Error: Can't answer a question unless a user TTY
      at ConsoleReporter.question (C:\Users\thiag\AppData\Roaming\npm\node_modules\yarn\lib\cli.js:96935:59)
      at Object.<anonymous> (C:\Users\thiag\AppData\Roaming\npm\node_modules\yarn\lib\cli.js:89125:38)
      at Generator.next (<anonymous>)
      at step (C:\Users\thiag\AppData\Roaming\npm\node_modules\yarn\lib\cli.js:310:30)
      at C:\Users\thiag\AppData\Roaming\npm\node_modules\yarn\lib\cli.js:321:13
      at processTicksAndRejections (node:internal/process/task_queues:96:5)

npm manifest: 
  No manifest

yarn manifest: 
  No manifest

Lockfile: 
  No lockfile
